2018-02-04 23:31:29,895 INFO werkzeug  * Running on http://127.0.0.1:5000/ (Press CTRL+C to quit)
2018-02-04 23:31:29,895 INFO werkzeug  * Restarting with stat
2018-02-04 23:31:30,150 WARNING werkzeug  * Debugger is active!
2018-02-04 23:31:30,171 INFO werkzeug  * Debugger PIN: 118-306-144
2018-02-04 23:31:59,094 INFO werkzeug  * Running on http://127.0.0.1:5000/ (Press CTRL+C to quit)
2018-02-04 23:31:59,095 INFO werkzeug  * Restarting with stat
2018-02-04 23:31:59,326 WARNING werkzeug  * Debugger is active!
2018-02-04 23:31:59,343 INFO werkzeug  * Debugger PIN: 118-306-144
2018-02-04 23:32:11,382 INFO werkzeug  * Running on http://127.0.0.1:5000/ (Press CTRL+C to quit)
2018-02-04 23:32:11,382 INFO werkzeug  * Restarting with stat
2018-02-04 23:32:11,637 WARNING werkzeug  * Debugger is active!
2018-02-04 23:32:11,650 INFO werkzeug  * Debugger PIN: 118-306-144
2018-02-04 23:32:39,018 INFO werkzeug  * Detected change in '/Users/arunathisamy/Desktop/backend-python-test/alayatodo/models.py', reloading
2018-02-04 23:32:39,045 INFO werkzeug  * Restarting with stat
2018-02-04 23:32:39,413 WARNING werkzeug  * Debugger is active!
2018-02-04 23:32:39,429 INFO werkzeug  * Debugger PIN: 118-306-144
2018-02-04 23:32:50,591 INFO werkzeug  * Detected change in '/Users/arunathisamy/Desktop/backend-python-test/alayatodo/models.py', reloading
2018-02-04 23:32:50,615 INFO werkzeug  * Restarting with stat
2018-02-04 23:32:50,856 WARNING werkzeug  * Debugger is active!
2018-02-04 23:32:50,869 INFO werkzeug  * Debugger PIN: 118-306-144
2018-02-04 23:32:53,579 INFO werkzeug  * Running on http://127.0.0.1:5000/ (Press CTRL+C to quit)
2018-02-04 23:32:53,580 INFO werkzeug  * Restarting with stat
2018-02-04 23:32:53,834 WARNING werkzeug  * Debugger is active!
2018-02-04 23:32:53,847 INFO werkzeug  * Debugger PIN: 118-306-144
2018-02-04 23:34:10,887 INFO werkzeug  * Detected change in '/Users/arunathisamy/Desktop/backend-python-test/main.py', reloading
2018-02-04 23:34:10,913 INFO werkzeug  * Restarting with stat
2018-02-04 23:34:11,264 WARNING werkzeug  * Debugger is active!
2018-02-04 23:34:11,283 INFO werkzeug  * Debugger PIN: 118-306-144
2018-02-04 23:35:22,138 INFO werkzeug 127.0.0.1 - - [04/Feb/2018 23:35:22] "GET / HTTP/1.1" 200 -
2018-02-04 23:35:25,600 INFO werkzeug 127.0.0.1 - - [04/Feb/2018 23:35:25] "GET /todo/ HTTP/1.1" 200 -
2018-02-04 23:36:55,165 INFO werkzeug 127.0.0.1 - - [04/Feb/2018 23:36:55] "POST /todochk HTTP/1.1" 302 -
2018-02-04 23:36:55,177 INFO werkzeug 127.0.0.1 - - [04/Feb/2018 23:36:55] "GET /todo/ HTTP/1.1" 200 -
2018-02-04 23:36:57,657 INFO werkzeug 127.0.0.1 - - [04/Feb/2018 23:36:57] "GET /todo/7/json HTTP/1.1" 200 -
2018-02-04 23:37:08,203 INFO werkzeug 127.0.0.1 - - [04/Feb/2018 23:37:08] "GET /todo/ HTTP/1.1" 200 -
2018-02-04 23:42:23,226 ERROR alayatodo 'User' object has no attribute 'arun'
2018-02-04 23:43:55,311 ERROR alayatodo 'User' object has no attribute 'arun'
2018-02-04 23:44:27,945 ERROR alayatodo 'User' object has no attribute 'arun'
2018-02-11 03:40:02,789 ERROR alayatodo unbound method get_username() must be called with DBService instance as first argument (got unicode instance instead)
2018-02-11 03:40:02,797 ERROR alayatodo unbound method get_username() must be called with DBService instance as first argument (got unicode instance instead)
2018-02-11 03:40:02,802 ERROR alayatodo unbound method get_todo_by_id() must be called with DBService instance as first argument (got unicode instance instead)
2018-02-11 03:40:02,811 ERROR alayatodo unbound method get_todo_by_id() must be called with DBService instance as first argument (got unicode instance instead)
2018-02-11 03:40:02,816 ERROR alayatodo unbound method getalltodo() must be called with DBService instance as first argument (got nothing instead)
2018-02-11 03:40:12,328 ERROR alayatodo unbound method getalltodo() must be called with DBService instance as first argument (got nothing instead)
2018-02-11 03:40:14,749 ERROR alayatodo unbound method getalltodo() must be called with DBService instance as first argument (got nothing instead)
2018-02-11 03:40:17,785 ERROR alayatodo unbound method getalltodo() must be called with DBService instance as first argument (got nothing instead)
2018-02-11 03:40:20,238 ERROR alayatodo unbound method getalltodo() must be called with DBService instance as first argument (got nothing instead)
2018-02-11 03:40:58,941 ERROR alayatodo unbound method getalltodo() must be called with DBService instance as first argument (got nothing instead)
2018-02-11 03:42:42,688 ERROR alayatodo unbound method getalltodo() must be called with DBService instance as first argument (got nothing instead)
2018-02-11 03:42:42,708 ERROR werkzeug Error on request:
Traceback (most recent call last):
  File "/Users/arunathisamy/Desktop/backend-python-test/lib/python2.7/site-packages/werkzeug/serving.py", line 270, in run_wsgi
    execute(self.server.app)
  File "/Users/arunathisamy/Desktop/backend-python-test/lib/python2.7/site-packages/werkzeug/serving.py", line 261, in execute
    write(data)
  File "/Users/arunathisamy/Desktop/backend-python-test/lib/python2.7/site-packages/werkzeug/serving.py", line 227, in write
    self.send_header(key, value)
  File "/System/Library/Frameworks/Python.framework/Versions/2.7/lib/python2.7/BaseHTTPServer.py", line 401, in send_header
    self.wfile.write("%s: %s\r\n" % (keyword, value))
IOError: [Errno 32] Broken pipe
2018-02-11 03:42:44,242 ERROR alayatodo unbound method getalltodo() must be called with DBService instance as first argument (got nothing instead)
2018-02-11 03:42:44,253 ERROR werkzeug Error on request:
Traceback (most recent call last):
  File "/Users/arunathisamy/Desktop/backend-python-test/lib/python2.7/site-packages/werkzeug/serving.py", line 270, in run_wsgi
    execute(self.server.app)
  File "/Users/arunathisamy/Desktop/backend-python-test/lib/python2.7/site-packages/werkzeug/serving.py", line 261, in execute
    write(data)
  File "/Users/arunathisamy/Desktop/backend-python-test/lib/python2.7/site-packages/werkzeug/serving.py", line 227, in write
    self.send_header(key, value)
  File "/System/Library/Frameworks/Python.framework/Versions/2.7/lib/python2.7/BaseHTTPServer.py", line 401, in send_header
    self.wfile.write("%s: %s\r\n" % (keyword, value))
IOError: [Errno 32] Broken pipe
2018-02-11 03:43:14,095 ERROR alayatodo unbound method getalltodo() must be called with DBService instance as first argument (got nothing instead)
2018-02-11 03:43:29,985 ERROR alayatodo unbound method getalltodo() must be called with DBService instance as first argument (got nothing instead)
2018-02-11 03:43:36,359 ERROR alayatodo unbound method getalltodo() must be called with DBService instance as first argument (got nothing instead)
